<?xml version="1.0" encoding="UTF-8"?>

<beans xmlns="http://www.springframework.org/schema/beans"
	xmlns:xsi="http://www.w3.org/2001/XMLSchema-instance" xmlns:oauth="http://www.springframework.org/schema/security/oauth2"
	xmlns:sec="http://www.springframework.org/schema/security"
	xmlns:context="http://www.springframework.org/schema/context"
	xsi:schemaLocation="http://www.springframework.org/schema/security/oauth2 http://www.springframework.org/schema/security/spring-security-oauth2-2.0.xsd
		http://www.springframework.org/schema/security http://www.springframework.org/schema/security/spring-security-3.2.xsd
		http://www.springframework.org/schema/beans http://www.springframework.org/schema/beans/spring-beans-4.0.xsd
		http://www.springframework.org/schema/context http://www.springframework.org/schema/context/spring-context-4.0.xsd">

	<bean
		class="org.springframework.beans.factory.config.PropertyPlaceholderConfigurer"
		xmlns="http://www.springframework.org/schema/beans">
		<property name="locations">
			<list>
				<value>classpath:application-test.properties</value>
			</list>
		</property>
	</bean>


	<bean id="restTemplate"
		class="org.springframework.security.oauth2.client.OAuth2RestTemplate">
		<constructor-arg>
			<bean
				class="org.springframework.security.oauth2.client.token.grant.client.ClientCredentialsResourceDetails">
				<property name="clientId" value="${clientId}" />
				<property name="clientSecret" value="${clientSecret}" />
				<property name="accessTokenUri" value="${accessTokenEndpointUrl}" />
			</bean>
		</constructor-arg>
		<property name="requestFactory">
			<bean class="org.springframework.http.client.HttpComponentsClientHttpRequestFactory" />
		</property>
		<property name="interceptors">
         	<list>
            	<ref bean="zacITHttpRequestInterceptor"/>
         	</list>
      </property>
	</bean>
	
	<bean id="unauthenticatedRestTemplate"
		class="org.springframework.web.client.RestTemplate">
		<property name="requestFactory">
			<bean class="org.springframework.http.client.HttpComponentsClientHttpRequestFactory" />
		</property>
		<property name="interceptors">
         	<list>
            	<ref bean="zacITHttpRequestInterceptor"/>
         	</list>
      </property>
	</bean>

	<bean id="zacITHttpRequestInterceptor" class="com.ge.edge.gateway.util.ZacITHttpRequestInterceptor" />
	
</beans>