<?xml version="1.0" encoding="UTF-8"?>
<!-- Generated by org.testng.reporters.JUnitReportReporter -->
<testsuite hostname="SFO1212558627M" name="com.ge.edge.gateway.controller.GatewayControllerTest" tests="1" failures="0" timestamp="12 May 2017 17:30:24 GMT" time="1.527" errors="0">
  <testcase name="testFileUploadWithNoNext" time="1.527" classname="com.ge.edge.gateway.controller.GatewayControllerTest"/>
</testsuite> <!-- com.ge.edge.gateway.controller.GatewayControllerTest -->
